{
  "stats": {
    "suites": 1,
    "tests": 12,
    "passes": 9,
    "pending": 0,
    "failures": 3,
    "start": "2024-12-03T18:00:27.606Z",
    "end": "2024-12-03T18:02:00.215Z",
    "duration": 92609,
    "testsRegistered": 12,
    "passPercent": 75,
    "pendingPercent": 0,
    "other": 0,
    "hasOther": false,
    "skipped": 0,
    "hasSkipped": false
  },
  "results": [
    {
      "uuid": "68ffba13-afd2-46a6-9805-975c67ae4873",
      "title": "",
      "fullFile": "C:\\Users\\LENOVO\\AquaProjects\\Tractive_GPS_Test\\tests\\End_toEnd_Tests.spec.js",
      "file": "\\tests\\End_toEnd_Tests.spec.js",
      "beforeHooks": [],
      "afterHooks": [],
      "tests": [],
      "suites": [
        {
          "uuid": "d8dfcfa4-0cd6-4330-ab2c-657e273de1a8",
          "title": "End-to-End Tests",
          "fullFile": "C:\\Users\\LENOVO\\AquaProjects\\Tractive_GPS_Test\\tests\\End_toEnd_Tests.spec.js",
          "file": "\\tests\\End_toEnd_Tests.spec.js",
          "beforeHooks": [
            {
              "title": "\"before all\" hook: Before_Test in \"End-to-End Tests\"",
              "fullTitle": "End-to-End Tests \"before all\" hook: Before_Test in \"End-to-End Tests\"",
              "timedOut": false,
              "duration": 7924,
              "state": null,
              "speed": null,
              "pass": false,
              "fail": false,
              "pending": false,
              "context": null,
              "code": "this.timeout(60000);  // Increase timeout for async operations\nbrowser = await firefox.launch({headless: false});\ncontext = await browser.newContext();\n// Add cookies\nawait context.addCookies([{\n    name: 'interview',\n    value: '7lBPV9iik6r9MNE5dKw9nzF9CstdlEJl',\n    domain: '.tractive.com',\n    path: '/',\n    secure: true,\n}]);\npage = await context.newPage();\nloginPage = new LoginPage(page);\nhomePage = new HomePage(page);\nsignUpPage = new SignUpPage(page);\ntestData = new TestData();  // Corrected instantiation",
              "err": {},
              "uuid": "209d1fa1-5aae-4160-8df5-9ee659611875",
              "parentUUID": "d8dfcfa4-0cd6-4330-ab2c-657e273de1a8",
              "isHook": true,
              "skipped": false
            }
          ],
          "afterHooks": [
            {
              "title": "\"after all\" hook: After_Test in \"End-to-End Tests\"",
              "fullTitle": "End-to-End Tests \"after all\" hook: After_Test in \"End-to-End Tests\"",
              "timedOut": false,
              "duration": 2309,
              "state": null,
              "speed": null,
              "pass": false,
              "fail": false,
              "pending": false,
              "context": null,
              "code": "this.timeout(5000);  // Increase timeout for after hook if needed\nif (page) await page.close();\nif (browser) await browser.close();",
              "err": {},
              "uuid": "15322a08-109f-4d91-810f-02a62c1a1892",
              "parentUUID": "d8dfcfa4-0cd6-4330-ab2c-657e273de1a8",
              "isHook": true,
              "skipped": false
            }
          ],
          "tests": [
            {
              "title": "should verify URL and Title and login page",
              "fullTitle": "End-to-End Tests should verify URL and Title and login page",
              "timedOut": false,
              "duration": 7774,
              "state": "passed",
              "speed": "slow",
              "pass": true,
              "fail": false,
              "pending": false,
              "context": null,
              "code": "this.timeout(30000);  // Increase timeout for this test\nawait loginPage.open();\nawait page.waitForSelector('button[type=\"submit\"]');  // Ensure the login button is visible\nawait page.evaluate(() => {\n    window.moveTo(0, 0);\n    window.resizeTo(window.screen.availWidth, window.screen.availHeight);\n});\nconst currentUrl = await page.url();\nexpect(currentUrl).to.include(loginPage.url);\nawait homePage.verifyPageTitle();",
              "err": {},
              "uuid": "230e4e7d-da3c-4633-b376-019b4d72d189",
              "parentUUID": "d8dfcfa4-0cd6-4330-ab2c-657e273de1a8",
              "isHook": false,
              "skipped": false
            },
            {
              "title": "should verify the presence of the Tractive logo",
              "fullTitle": "End-to-End Tests should verify the presence of the Tractive logo",
              "timedOut": false,
              "duration": 136,
              "state": "passed",
              "speed": "slow",
              "pass": true,
              "fail": false,
              "pending": false,
              "context": null,
              "code": "this.timeout(10000); // Set a timeout for the test\nawait loginPage.open(); // Ensure you're on the correct page\n// Check if the logo is visible on the page\nconst logoSelector = '//img[@alt=\"Tractive Logo\"]';\nconst isLogoVisible = await page.isVisible(logoSelector);\nif (isLogoVisible) {\n    console.log('Logo is visible on the page.');\n} else {\n    console.error('Logo is NOT visible on the page.');\n}\n// Assert that the logo is indeed visible\nexpect(isLogoVisible).to.be.true;",
              "err": {},
              "uuid": "380f9e43-8f53-4894-aa95-a7feebd9c139",
              "parentUUID": "d8dfcfa4-0cd6-4330-ab2c-657e273de1a8",
              "isHook": false,
              "skipped": false
            },
            {
              "title": "should log in with valid credentials with singout",
              "fullTitle": "End-to-End Tests should log in with valid credentials with singout",
              "timedOut": false,
              "duration": 4013,
              "state": "passed",
              "speed": "slow",
              "pass": true,
              "fail": false,
              "pending": false,
              "context": null,
              "code": "this.timeout(30000);  // Increase timeout for this test\nconsole.log('Starting login test with valid credentials');\nconst loginData = testData.valid_login();  // Use valid login data\nawait loginPage.enterEmail(loginData.email);\nconsole.log('Entered email');\nawait loginPage.enterPassword(loginData.password);\nconsole.log('Entered password');\n// Wait for submit button to be clickable and click it\nawait loginPage.clickSubmitButton();\nconsole.log('Clicked submit button');\n// Wait for login success confirmation\nconst isLoginSuccessful = await loginPage.isLoginSuccessful();\nexpect(isLoginSuccessful).to.be.true;\n// If login is successful, log out\nif (isLoginSuccessful) {\n    console.log('Login successful, proceeding to sign out');\n    await homePage.signOut();\n} else {\n    console.error('Login failed');\n}",
              "err": {},
              "uuid": "b81a46cc-c0e2-48f9-b1a3-4248209d1eca",
              "parentUUID": "d8dfcfa4-0cd6-4330-ab2c-657e273de1a8",
              "isHook": false,
              "skipped": false
            },
            {
              "title": "should show an error for invalid login credentials",
              "fullTitle": "End-to-End Tests should show an error for invalid login credentials",
              "timedOut": false,
              "duration": 2964,
              "state": "passed",
              "speed": "slow",
              "pass": true,
              "fail": false,
              "pending": false,
              "context": null,
              "code": "this.timeout(90000);  // Increase timeout for this test\nconst loginData = testData.invalid_login();  // Use invalid login data\nawait loginPage.enterEmail(loginData.email);\nawait loginPage.enterPassword(loginData.password);\nawait loginPage.clickSubmitButton();\nlet alertMessage = '';\n// Handle the dialog pop-up\npage.on('dialog', async (dialog) => {\n    alertMessage = dialog.message();  // Capture the dialog message\n    console.log('Alert Message: ', alertMessage);  // Log the alert message for debugging\n    await dialog.accept();  // Accept the alert (close the alert)\n});\nawait page.waitForTimeout(1000);  // Adjust timeout as needed\n// Assert that the alert message matches the expected error message\nexpect(alertMessage).to.equal(alertMessage);  // Change the message to match your app's error message\n//const isLoginPageVisible = await loginPage.isLoginPageVisible();\n//expect(isLoginPageVisible).to.be.true;",
              "err": {},
              "uuid": "6f1e2d54-16b2-43e7-9224-f84712331875",
              "parentUUID": "d8dfcfa4-0cd6-4330-ab2c-657e273de1a8",
              "isHook": false,
              "skipped": false
            },
            {
              "title": "sign in Google Auth",
              "fullTitle": "End-to-End Tests sign in Google Auth",
              "timedOut": false,
              "duration": 751,
              "state": "failed",
              "speed": null,
              "pass": false,
              "fail": true,
              "pending": false,
              "context": null,
              "code": "this.timeout(60000); // Set a custom timeout for handling potential delays in the sign-in flow\n// Handle the Google Sign-In process\nconsole.log('Starting Google Sign-In process...');\nawait signUpPage.handleGoogleSignInProcess();\nconsole.log('Google Sign-In flow.');\n//const isGoogleSignInSuccessful = await signUpPage.isGoogleSignInSuccessful();\n//expect(isGoogleSignInSuccessful, 'Google Sign-In faile..' + 'd').to.be.true;",
              "err": {
                "message": "Error: page.waitForSelector: selector: expected string, got object",
                "estack": "page.waitForSelector: selector: expected string, got object\n    at SignUpPage.handleGoogleSignInProcess (Pages\\Signup_page.js:170:29)\n    at async Context.googleAuthSignIn (tests\\End_toEnd_Tests.spec.js:118:9)",
                "diff": null
              },
              "uuid": "9030360b-5f72-49dc-9091-7b281cd101eb",
              "parentUUID": "d8dfcfa4-0cd6-4330-ab2c-657e273de1a8",
              "isHook": false,
              "skipped": false
            },
            {
              "title": "should validate and submit the sign-up form",
              "fullTitle": "End-to-End Tests should validate and submit the sign-up form",
              "timedOut": false,
              "duration": 1122,
              "state": "passed",
              "speed": "slow",
              "pass": true,
              "fail": false,
              "pending": false,
              "context": null,
              "code": "this.timeout(80000);  // Increase timeout for this test\nawait signUpPage.open();  \nconst currentUrl = await page.url();\nexpect(currentUrl).to.include(signUpPage.url);\nawait signUpPage.EmptyFieldFocus();\nawait signUpPage.assertFirstNameValidation();\nawait signUpPage.assertLastNameValidation();\nawait signUpPage.assertEmailValidation();\nawait signUpPage.assertPasswordValidation();",
              "err": {},
              "uuid": "49df4672-4adc-4379-ac3c-8702d0e1c232",
              "parentUUID": "d8dfcfa4-0cd6-4330-ab2c-657e273de1a8",
              "isHook": false,
              "skipped": false
            },
            {
              "title": "should validate invalid email format",
              "fullTitle": "End-to-End Tests should validate invalid email format",
              "timedOut": false,
              "duration": 1171,
              "state": "passed",
              "speed": "slow",
              "pass": true,
              "fail": false,
              "pending": false,
              "context": null,
              "code": "this.timeout(60000);\nconst invalidData = testData.invalid_Email_password();\n// Retrieve invalid email from test data\n// Enter invalid email and verify validation message\nawait signUpPage.enterInvalidEmail(invalidData.email);\nawait signUpPage.assertInvalidEmailValidation();",
              "err": {},
              "uuid": "47eefdb8-f23a-4801-bc1f-e7748f32daae",
              "parentUUID": "d8dfcfa4-0cd6-4330-ab2c-657e273de1a8",
              "isHook": false,
              "skipped": false
            },
            {
              "title": "should validate password length",
              "fullTitle": "End-to-End Tests should validate password length",
              "timedOut": false,
              "duration": 1407,
              "state": "passed",
              "speed": "slow",
              "pass": true,
              "fail": false,
              "pending": false,
              "context": null,
              "code": "const invalidData = testData.invalid_Email_password();\n// Retrieve invalid password from test data\n// Enter invalid password and verify validation message\nawait signUpPage.enterInvalidPassword(invalidData.password);\nawait signUpPage.assertPasswordLengthValidation();",
              "err": {},
              "uuid": "67b716f4-52b5-45d9-9b7e-ee9ff7dddb67",
              "parentUUID": "d8dfcfa4-0cd6-4330-ab2c-657e273de1a8",
              "isHook": false,
              "skipped": false
            },
            {
              "title": "should successfully submit the form with valid data with same Email already Exist",
              "fullTitle": "End-to-End Tests should successfully submit the form with valid data with same Email already Exist",
              "timedOut": false,
              "duration": 31523,
              "state": "passed",
              "speed": "slow",
              "pass": true,
              "fail": false,
              "pending": false,
              "context": null,
              "code": "this.timeout(70000);\nconst validData = testData.valid_signup_data();\n// Retrieve valid signup data from test data\n// Enter valid data into the form fields\nawait signUpPage.enterFirstName(validData.firstName);\nawait signUpPage.enterLastname(validData.lastName);\nawait signUpPage.enterEmail(validData.email);\nawait signUpPage.enterPassword(validData.password);\n// If there is a checkbox, click it\nawait signUpPage.clickCheckbox();\n// Submit the form if the submit button is visible\nawait signUpPage.clickSubmitButtonIfVisible();\n// Wait for a moment for the submission to process\nconsole.log('Waiting for ...');\nawait page.waitForTimeout(30000);  // Pause execution for 30 seconds\npage.on('dialog', async (dialog) => {\n    const alertMessage = dialog.message();\n    console.log('Alert Message:', alertMessage);\n    if (alertMessage.includes('Account creation failed. You entered invalid information.')) {\n        await dialog.accept();\n        console.log('Dialog error message verified.');\n        expect(alertMessage).to.include(alertMessage);\n    }\n});\nconsole.log('Account creation failed.!');\nconst currentUrl = await page.url();\nexpect(currentUrl).to.include(currentUrl);",
              "err": {},
              "uuid": "905e86b3-b5c1-4876-bd5e-42243b16a158",
              "parentUUID": "d8dfcfa4-0cd6-4330-ab2c-657e273de1a8",
              "isHook": false,
              "skipped": false
            },
            {
              "title": "should submit the Signup form with Invalid data Passing",
              "fullTitle": "End-to-End Tests should submit the Signup form with Invalid data Passing",
              "timedOut": false,
              "duration": 296,
              "state": "passed",
              "speed": "slow",
              "pass": true,
              "fail": false,
              "pending": false,
              "context": null,
              "code": "this.timeout(70000);\nconst InvalidData = testData.Invalid_signup_data(); // Retrieve valid signup data from test data\n// Enter Invalid data into the form fields\nawait signUpPage.enterFirstName(InvalidData.firstName);\nawait signUpPage.enterLastname(InvalidData.lastName);\nawait signUpPage.enterEmail(InvalidData.email);\nawait signUpPage.enterPassword(InvalidData.password);\n// Submit the form if the submit button is visible or Not\nawait signUpPage.clickSubmitButtonIfNotVisible();",
              "err": {},
              "uuid": "57af226e-1ab0-4e29-b056-0edeb61721bc",
              "parentUUID": "d8dfcfa4-0cd6-4330-ab2c-657e273de1a8",
              "isHook": false,
              "skipped": false
            },
            {
              "title": "should submit the Sign-Up form with new fresh_data with new Email data Passing",
              "fullTitle": "End-to-End Tests should submit the Sign-Up form with new fresh_data with new Email data Passing",
              "timedOut": false,
              "duration": 30320,
              "state": "failed",
              "speed": null,
              "pass": false,
              "fail": true,
              "pending": false,
              "context": null,
              "code": "this.timeout(70000); // Adjust timeout for async operations\nconst Valid_New_fresh_Data = testData.Valid_new_signup_data();\nawait signUpPage.enterFirstName(Valid_New_fresh_Data.firstName);\nawait signUpPage.enterLastname(Valid_New_fresh_Data.lastName);\nawait signUpPage.enterEmail(Valid_New_fresh_Data.email);\nawait signUpPage.enterPassword(Valid_New_fresh_Data.password);\nawait signUpPage.clickSubmitButtonIfVisible();\nlet alertMessage = '';\npage.on('dialog', async (dialog) => {\n    alertMessage = dialog.message();\n    console.log('Alert Message: ', alertMessage);\n    await dialog.accept();\n});\nawait page.waitForTimeout(1000);\nexpect(alertMessage).to.equal(alertMessage);",
              "err": {
                "message": "TimeoutError: locator.click: Timeout 30000ms exceeded.\nCall log:\n  - waiting for locator('//button[@type=\\'submit\\']')\n    - locator resolved to <button type=\"submit\" disabled=\"disabled\" class=\"tcommon-button tcommon-button--cta\" ng-class=\"{ loading: tcommonButton.state.loading }\" ng-disabled=\"tcommonButton.ngDisabled || tcommonButton.state.loading\">…</button>\n  - attempting click action\n    2 × waiting for element to be visible, enabled and stable\n      - element is not enabled\n    - retrying click action\n    - waiting 20ms\n    2 × waiting for element to be visible, enabled and stable\n      - element is not enabled\n    - retrying click action\n      - waiting 100ms\n    57 × waiting for element to be visible, enabled and stable\n       - element is not enabled\n     - retrying click action\n       - waiting 500ms\n",
                "estack": "locator.click: Timeout 30000ms exceeded.\nCall log:\n  - waiting for locator('//button[@type=\\'submit\\']')\n    - locator resolved to <button type=\"submit\" disabled=\"disabled\" class=\"tcommon-button tcommon-button--cta\" ng-class=\"{ loading: tcommonButton.state.loading }\" ng-disabled=\"tcommonButton.ngDisabled || tcommonButton.state.loading\">…</button>\n  - attempting click action\n    2 × waiting for element to be visible, enabled and stable\n      - element is not enabled\n    - retrying click action\n    - waiting 20ms\n    2 × waiting for element to be visible, enabled and stable\n      - element is not enabled\n    - retrying click action\n      - waiting 100ms\n    57 × waiting for element to be visible, enabled and stable\n       - element is not enabled\n     - retrying click action\n       - waiting 500ms\n\n    at SignUpPage.clickSubmitButtonIfVisible (Pages\\Signup_page.js:211:37)\n    at async Context.submitSignUpWithFreshData (tests\\End_toEnd_Tests.spec.js:202:9)",
                "diff": null
              },
              "uuid": "36aafbac-3565-41b2-bb29-118543bf9a67",
              "parentUUID": "d8dfcfa4-0cd6-4330-ab2c-657e273de1a8",
              "isHook": false,
              "skipped": false
            },
            {
              "title": "should log in and change email and password",
              "fullTitle": "End-to-End Tests should log in and change email and password",
              "timedOut": false,
              "duration": 809,
              "state": "failed",
              "speed": null,
              "pass": false,
              "fail": true,
              "pending": false,
              "context": null,
              "code": "this.timeout(30000);\nawait loginPage.open();\nconst loginData = testData.valid_login();  // Use valid login data\nawait loginPage.enterEmail(loginData.email);\nawait loginPage.enterPassword(loginData.password);\nawait loginPage.clickSubmitButton();\nawait HomePage.verifyUrl_ManagePage();",
              "err": {
                "message": "TypeError: HomePage.verifyUrl_ManagePage is not a function",
                "estack": "TypeError: HomePage.verifyUrl_ManagePage is not a function\n    at Context.logInAndChangeCredentials (file:///C:/Users/LENOVO/AquaProjects/Tractive_GPS_Test/tests/End_toEnd_Tests.spec.js:219:24)",
                "diff": null
              },
              "uuid": "4d612344-141e-43ee-9dc6-298488cbae31",
              "parentUUID": "d8dfcfa4-0cd6-4330-ab2c-657e273de1a8",
              "isHook": false,
              "skipped": false
            }
          ],
          "suites": [],
          "passes": [
            "230e4e7d-da3c-4633-b376-019b4d72d189",
            "380f9e43-8f53-4894-aa95-a7feebd9c139",
            "b81a46cc-c0e2-48f9-b1a3-4248209d1eca",
            "6f1e2d54-16b2-43e7-9224-f84712331875",
            "49df4672-4adc-4379-ac3c-8702d0e1c232",
            "47eefdb8-f23a-4801-bc1f-e7748f32daae",
            "67b716f4-52b5-45d9-9b7e-ee9ff7dddb67",
            "905e86b3-b5c1-4876-bd5e-42243b16a158",
            "57af226e-1ab0-4e29-b056-0edeb61721bc"
          ],
          "failures": [
            "9030360b-5f72-49dc-9091-7b281cd101eb",
            "36aafbac-3565-41b2-bb29-118543bf9a67",
            "4d612344-141e-43ee-9dc6-298488cbae31"
          ],
          "pending": [],
          "skipped": [],
          "duration": 82286,
          "root": false,
          "rootEmpty": false,
          "_timeout": 2000
        }
      ],
      "passes": [],
      "failures": [],
      "pending": [],
      "skipped": [],
      "duration": 0,
      "root": true,
      "rootEmpty": true,
      "_timeout": 2000
    }
  ],
  "meta": {
    "mocha": {
      "version": "10.8.2"
    },
    "mochawesome": {
      "options": {
        "quiet": false,
        "reportFilename": "mochawesome",
        "saveHtml": true,
        "saveJson": true,
        "consoleReporter": "spec",
        "useInlineDiffs": false,
        "code": true
      },
      "version": "7.1.3"
    },
    "marge": {
      "options": null,
      "version": "6.2.0"
    }
  }
}